<?xml version="1.0" encoding="UTF-8"?>
<testng-results skipped="0" failed="0" total="1" passed="1">
  <reporter-output>
  </reporter-output>
  <suite name="Suite" duration-ms="17672" started-at="2020-02-23T20:36:04Z" finished-at="2020-02-23T20:36:22Z">
    <groups>
      <group name="cucumber">
        <method signature="AbstractTestNGCucumberTests.feature(cucumber.api.testng.CucumberFeatureWrapper)[pri:0, instance:bdd.runners.RunnerClass@3551a94]" name="feature" class="cucumber.api.testng.AbstractTestNGCucumberTests"/>
      </group> <!-- cucumber -->
    </groups>
    <test name="Test" duration-ms="17672" started-at="2020-02-23T20:36:04Z" finished-at="2020-02-23T20:36:22Z">
      <class name="bdd.runners.RunnerClass">
        <test-method status="PASS" signature="setUpClass()[pri:0, instance:bdd.runners.RunnerClass@3551a94]" name="setUpClass" is-config="true" duration-ms="227" started-at="2020-02-23T15:36:04Z" finished-at="2020-02-23T15:36:05Z">
          <reporter-output>
          </reporter-output>
        </test-method> <!-- setUpClass -->
        <test-method status="PASS" signature="feature(cucumber.api.testng.CucumberFeatureWrapper)[pri:0, instance:bdd.runners.RunnerClass@3551a94]" name="feature" duration-ms="16525" started-at="2020-02-23T15:36:05Z" description="Runs Cucumber Feature" data-provider="features" finished-at="2020-02-23T15:36:21Z">
          <params>
            <param index="0">
              <value>
                <![CDATA[Users ability to search in google]]>
              </value>
            </param>
          </params>
          <reporter-output>
          </reporter-output>
        </test-method> <!-- feature -->
        <test-method status="PASS" signature="writeExtentReport()[pri:0, instance:bdd.runners.RunnerClass@3551a94]" name="writeExtentReport" is-config="true" duration-ms="27" started-at="2020-02-23T15:36:21Z" finished-at="2020-02-23T15:36:21Z">
          <reporter-output>
          </reporter-output>
        </test-method> <!-- writeExtentReport -->
        <test-method status="PASS" signature="tearDownClass()[pri:0, instance:bdd.runners.RunnerClass@3551a94]" name="tearDownClass" is-config="true" duration-ms="807" started-at="2020-02-23T15:36:21Z" finished-at="2020-02-23T15:36:22Z">
          <reporter-output>
          </reporter-output>
        </test-method> <!-- tearDownClass -->
      </class> <!-- bdd.runners.RunnerClass -->
    </test> <!-- Test -->
  </suite> <!-- Suite -->
</testng-results>
