<?xml version="1.0" encoding="UTF-8"?>
<testng-results skipped="0" failed="0" total="1" passed="1">
  <reporter-output>
  </reporter-output>
  <suite name="Default suite" duration-ms="15786" started-at="2020-02-23T20:29:42Z" finished-at="2020-02-23T20:29:58Z">
    <groups>
      <group name="cucumber">
        <method signature="AbstractTestNGCucumberTests.feature(cucumber.api.testng.CucumberFeatureWrapper)[pri:0, instance:bdd.runners.RunnerClass@1e88b3c]" name="feature" class="cucumber.api.testng.AbstractTestNGCucumberTests"/>
      </group> <!-- cucumber -->
    </groups>
    <test name="Default test" duration-ms="15786" started-at="2020-02-23T20:29:42Z" finished-at="2020-02-23T20:29:58Z">
      <class name="bdd.runners.RunnerClass">
        <test-method status="PASS" signature="setUpClass()[pri:0, instance:bdd.runners.RunnerClass@1e88b3c]" name="setUpClass" is-config="true" duration-ms="211" started-at="2020-02-23T15:29:42Z" finished-at="2020-02-23T15:29:42Z">
          <reporter-output>
          </reporter-output>
        </test-method> <!-- setUpClass -->
        <test-method status="PASS" signature="feature(cucumber.api.testng.CucumberFeatureWrapper)[pri:0, instance:bdd.runners.RunnerClass@1e88b3c]" name="feature" duration-ms="14589" started-at="2020-02-23T15:29:42Z" description="Runs Cucumber Feature" data-provider="features" finished-at="2020-02-23T15:29:57Z">
          <params>
            <param index="0">
              <value>
                <![CDATA[Users ability to search in google]]>
              </value>
            </param>
          </params>
          <reporter-output>
          </reporter-output>
        </test-method> <!-- feature -->
        <test-method status="PASS" signature="writeExtentReport()[pri:0, instance:bdd.runners.RunnerClass@1e88b3c]" name="writeExtentReport" is-config="true" duration-ms="36" started-at="2020-02-23T15:29:57Z" finished-at="2020-02-23T15:29:57Z">
          <reporter-output>
          </reporter-output>
        </test-method> <!-- writeExtentReport -->
        <test-method status="PASS" signature="tearDownClass()[pri:0, instance:bdd.runners.RunnerClass@1e88b3c]" name="tearDownClass" is-config="true" duration-ms="882" started-at="2020-02-23T15:29:57Z" finished-at="2020-02-23T15:29:58Z">
          <reporter-output>
          </reporter-output>
        </test-method> <!-- tearDownClass -->
      </class> <!-- bdd.runners.RunnerClass -->
    </test> <!-- Default test -->
  </suite> <!-- Default suite -->
</testng-results>
